1:
   label: 
      initialize vagrant project
   command: 
      vagrant init
   result:
      A `Vagrantfile` has been placed in this directory. You are now
      ready to `vagrant up` your first virtual environment! Please read
      the comments in the Vagrantfile as well as documentation on
      `vagrantup.com` for more information on using Vagrant.
2:
   label: configured vagrant project 
3:
   label: 
      started VM
   command:
      vagrant up
   result:
      Bringing machine 'default' up with 'virtualbox' provider...
      ==> default: Importing base box 'centos/7'...
      ==> default: Matching MAC address for NAT networking...
      ==> default: Checking if box 'centos/7' version '2004.01' is up to date...
      ==> default: Setting the name of the VM: centos-slave-1
      ==> default: Clearing any previously set network interfaces...
      ==> default: Preparing network interfaces based on configuration...
          default: Adapter 1: nat
      ==> default: Forwarding ports...
          default: 22 (guest) => 4444 (host) (adapter 1)
          default: 22 (guest) => 2222 (host) (adapter 1)
      ==> default: Running 'pre-boot' VM customizations...
      ==> default: Booting VM...
      ==> default: Waiting for machine to boot. This may take a few minutes...
          default: SSH address: 127.0.0.1:4444
          default: SSH username: vagrant
          default: SSH auth method: private key
          default: 
          default: Vagrant insecure key detected. Vagrant will automatically replace
          default: this with a newly generated keypair for better security.
          default: 
          default: Inserting generated public key within guest...
          default: Removing insecure key from the guest if it's present...
          default: Key inserted! Disconnecting and reconnecting using new SSH key...
      ==> default: Machine booted and ready!
      ==> default: Checking for guest additions in VM...
          default: No guest additions were detected on the base box for this VM! Guest
          default: additions are required for forwarded ports, shared folders, host only
          default: networking, and more. If SSH fails on this machine, please install
          default: the guest additions and repackage the box to continue.
          default: 
          default: This is not an error message; everything may continue to work properly,
          default: in which case you may ignore this message.
      ==> default: Setting hostname...
      ==> default: Rsyncing folder: <project_folder>
      => /vagrant
4:
   label: 
      ssh-d into VM
   command: 
      vagrant ssh
   result:
      Last login: Thu Oct 12 13:14:15 2023 from 10.0.2.2
      [vagrant@centos-slave ~]$ 
5:
   label: 
      halted VM
   command: 
      vagrant halt
   result:
      ==> default: Attempting graceful shutdown of VM...
6:
   label:
      destroyed VM
   command:
      vagrant destroy
   result:
          default: Are you sure you want to destroy the 'default' VM? [y/N] y
      ==> default: Destroying VM and associated drives...
